<?xml version="1.0" encoding="UTF-8"?>
<!-- Generated by org.testng.reporters.JUnitReportReporter -->
<testsuite skipped="0" hostname="AMMQA10" name="ChangePasswordTest" tests="2" failures="0" timestamp="2021-10-28T12:52:47 AMT" time="0.001" errors="0">
  <testcase name="ParallelTesting2" time="0.000" classname="ChangePasswordTest"/>
  <system-out/>
  <testcase name="ParallelTesting" time="0.001" classname="ChangePasswordTest"/>
  <system-out/>
</testsuite> <!-- ChangePasswordTest -->
