<?xml version="1.0" encoding="UTF-8"?>
<!-- Generated by org.testng.reporters.JUnitReportReporter -->
<testsuite skipped="0" hostname="AMMQA10" name="ChangePasswordTest" tests="2" failures="0" timestamp="2021-11-09T23:16:27 AMT" time="0.002" errors="0">
  <testcase name="ParallelTesting2" time="0.000" classname="ChangePasswordTest"/>
  <system-out/>
  <testcase name="ParallelTesting" time="0.002" classname="ChangePasswordTest"/>
  <system-out/>
</testsuite> <!-- ChangePasswordTest -->
