<?xml version="1.0" encoding="UTF-8"?>
<!-- Generated by org.testng.reporters.JUnitReportReporter -->
<testsuite skipped="0" hostname="AMMQA10" name="LoginTest" tests="3" failures="0" timestamp="2021-10-25T12:50:37 AMT" time="19.200" errors="0">
  <testcase name="ShouldBeAbleToChangePassword" time="16.489" classname="LoginTest"/>
  <system-out/>
  <testcase name="ShouldNotLoginWithInvalidCredentials" time="0.941" classname="LoginTest"/>
  <system-out/>
  <testcase name="ShouldLoginWithValidCredentials" time="1.770" classname="LoginTest"/>
  <system-out/>
</testsuite> <!-- LoginTest -->
