<?xml version="1.0" encoding="UTF-8"?>
<!-- Generated by org.testng.reporters.JUnitReportReporter -->
<testsuite skipped="0" hostname="AMMQA10" name="LoginTest" tests="3" failures="0" timestamp="2021-10-28T12:00:12 AMT" time="25.794" errors="0">
  <testcase name="ShouldNotLoginWithInvalidCredentials" time="1.416" classname="LoginTest"/>
  <system-out/>
  <testcase name="ShouldLoginWithValidCredentials" time="2.658" classname="LoginTest"/>
  <system-out/>
  <testcase name="ShouldBeAbleToChangePassword" time="21.720" classname="LoginTest"/>
  <system-out/>
</testsuite> <!-- LoginTest -->
