<?xml version="1.0" encoding="UTF-8"?>
<!-- Generated by org.testng.reporters.JUnitReportReporter -->
<testsuite skipped="0" hostname="AMMQA10" name="LoginTest" tests="3" failures="0" timestamp="2021-10-28T12:52:47 AMT" time="25.120" errors="0">
  <testcase name="ShouldBeAbleToChangePassword" time="21.281" classname="LoginTest"/>
  <system-out/>
  <testcase name="ShouldNotLoginWithInvalidCredentials" time="1.410" classname="LoginTest"/>
  <system-out/>
  <testcase name="ShouldLoginWithValidCredentials" time="2.429" classname="LoginTest"/>
  <system-out/>
</testsuite> <!-- LoginTest -->
